Get 104
	No such key
Delete 109
	No such key
Get 103
	No such key
Get 101
	No such key
Get 100
	No such key
Put 101 91
	0
Delete 100
	No such key
Delete 102
	No such key
Get 102
	No such key
Put 106 28
	0
Put 106 76
	0
Put 109 5
	0
Get 104
	No such key
Put 109 1
	0
Put 100 60
	0
Get 109
	1
Get 105
	No such key
Delete 100
	0
Get 105
	No such key
Get 101
	91
Delete 105
	No such key
Put 105 87
	0
Put 102 67
	0
Get 107
	No such key
Get 105
	87
Put 107 38
	0
Get 104
	No such key
Put 106 39
	0
Get 104
	No such key
Get 101
	91
Get 101
	91
Get 102
	67
Put 105 27
	0
Put 109 68
	0
Get 105
	27
Get 107
	38
Get 108
	No such key
Put 101 73
	0
Get 103
	No such key
Put 100 57
	0
Put 105 57
	0
Put 107 19
	0
Get 109
	68
Put 100 4
	0
Get 102
	67
Delete 109
	0
Put 103 36
	0
Delete 101
	0
Put 105 80
	0
Put 102 24
	0
Put 107 66
	0
Delete 109
	No such key
Put 104 97
	0
Get 109
	No such key
Get 107
	66
Put 104 36
	0
Delete 100
	0
Delete 103
	0
Put 103 83
	0
Delete 107
	0
Put 101 36
	0
Get 106
	39
Delete 108
	No such key
Put 108 10
	0
Put 109 5
	0
Put 104 73
	0
Delete 103
	0
Put 103 48
	0
Delete 106
	0
Get 102
	24
Delete 106
	No such key
Delete 108
	0
Get 105
	80
Get 100
	No such key
Put 102 27
	0
Get 103
	48
Get 108
	No such key
Put 103 63
	0
Get 104
	73
Get 103
	63
Put 100 99
	0
Get 101
	36
Put 100 94
	0
Put 108 42
	0
Delete 109
	0
Put 100 21
	0
Put 101 89
	0
Delete 106
	No such key
Delete 103
	0
Put 108 90
	0
Put 109 11
	0
Get 100
	21
Put 100 50
	0
Get 108
	90
Put 109 97
	0
Put 109 36
	0
Put 109 68
	0
Delete 100
	0
Put 106 24
	0
Get 103
	No such key
Put 108 42
	0
Get 108
	42
Put 104 51
	0
Get 107
	No such key
Get 109
	68
Get 104
	51
Get 103
	No such key
Put 109 72
	0
Get 100
	No such key
Get 102
	27
Put 104 37
	0
Delete 108
	0
Get 105
	80
Put 103 59
	0
Get 101
	89
Get 100
	No such key
Get 106
	24
Delete 102
	0
Put 103 24
	0
Get 105
	80
Get 103
	24
Put 104 64
	0
Put 106 37
	0
Get 109
	72
Get 108
	No such key
Get 106
	37
Put 106 14
	0
Delete 100
	No such key
Put 101 41
	0
Get 100
	No such key
Get 100
	No such key
Put 103 45
	0
Get 104
	64
Delete 108
	No such key
Get 106
	14
Get 103
	45
Get 103
	45
Put 108 59
	0
Delete 101
	0
Delete 104
	0
Delete 105
	0
Put 102 28
	0
Delete 101
	No such key
Delete 105
	No such key
Put 102 84
	0
Put 100 68
	0
Get 106
	14
Get 106
	14
Get 108
	59
Put 104 20
	0
Get 105
	No such key
Get 103
	45
Get 103
	45
Put 105 23
	0
Get 100
	68
Put 102 87
	0
Delete 109
	0
Get 109
	No such key
Get 105
	23
Delete 102
	0
Get 100
	68
Get 109
	No such key
Get 101
	No such key
Delete 108
	0
Get 104
	20
Put 109 33
	0
Put 106 92
	0
Delete 107
	No such key
Get 108
	No such key
Put 109 53
	0
Put 105 99
	0
Get 106
	92
Put 100 58
	0
Get 108
	No such key
Get 102
	No such key
Delete 101
	No such key
Delete 109
	0
Put 109 36
	0
Get 108
	No such key
Put 100 43
	0
Get 107
	No such key
Get 108
	No such key
Delete 104
	0
Put 107 52
	0
Get 107
	52
Put 108 2
	0
Put 102 98
	0
Delete 101
	No such key
Get 107
	52
Delete 108
	0
Put 100 18
	0
Get 106
	92
Put 100 25
	0
Get 101
	No such key
Delete 100
	0
Put 108 20
	0
Get 105
	99
Put 102 17
	0
Get 104
	No such key
Get 109
	36
Get 109
	36
Delete 101
	No such key
Put 103 2
	0
Put 101 27
	0
Put 106 90
	0
Get 107
	52
Delete 103
	0
Put 103 70
	0
Put 109 64
	0
Put 102 48
	0
Get 106
	90
Get 103
	70
Delete 102
	0
Put 100 53
	0
Delete 105
	0
Put 106 61
	0
Put 100 20
	0
Get 106
	61
Put 101 8
	0
Put 107 62
	0
Get 104
	No such key
Get 109
	64
Get 105
	No such key
Put 107 3
	0
Get 107
	3
Put 101 16
	0
Delete 107
	0
Get 105
	No such key
Put 102 59
	0
Put 102 74
	0
Put 105 76
	0
Get 107
	No such key
Put 103 51
	0
Get 100
	20
Get 107
	No such key
Put 103 35
	0
Delete 107
	No such key
Put 109 44
	0
Get 109
	44
Delete 103
	0
Put 109 15
	0
Delete 102
	0
Get 107
	No such key
Delete 106
	0
Delete 105
	0
Get 109
	15
Get 106
	No such key
Get 106
	No such key
Get 108
	20
Put 103 97
	0
Get 102
	No such key
Put 109 11
	0
Get 101
	16
Get 108
	20
Delete 108
	0
Put 105 86
	0
Get 104
	No such key
Put 102 21
	0
Get 107
	No such key
Put 102 80
	0
Delete 100
	0
Put 103 74
	0
Put 105 80
	0
Get 100
	No such key
Put 106 2
	0
Put 106 48
	0
Get 105
	80
Delete 100
	No such key
Delete 102
	0
Put 109 19
	0
Delete 104
	No such key
Put 103 11
	0
Delete 105
	0
Get 102
	No such key
Put 109 85
	0
Get 109
	85
Get 107
	No such key
Put 100 58
	0
Get 105
	No such key
Get 100
	58
Delete 100
	0
Put 107 78
	0
Get 100
	No such key
Put 105 82
	0
Put 100 39
	0
Get 107
	78
Get 106
	48
Put 102 28
	0
Put 101 96
	0
Put 101 86
	0
Put 107 39
	0
Get 101
	86
Put 106 59
	0
Put 102 62
	0
Get 102
	62
Get 106
	59
Delete 104
	No such key
Delete 105
	0
Get 109
	85
Delete 100
	0
Put 108 68
	0
Get 106
	59
Delete 102
	0
Get 100
	No such key
Delete 104
	No such key
Get 104
	No such key
Get 104
	No such key
Put 106 22
	0
Put 102 34
	0
Put 105 0
	0
Get 101
	86
Delete 109
	0
Get 104
	No such key
Get 108
	68
Put 107 82
	0
Delete 107
	0
Get 104
	No such key
Put 100 56
	0
Delete 109
	No such key
Get 100
	56
Get 101
	86
Get 100
	56
Get 106
	22
Put 101 9
	0
Delete 106
	0
Put 109 89
	0
Get 108
	68
Put 106 46
	0
Delete 107
	No such key
Put 108 61
	0
Delete 108
	0
Delete 101
	0
Put 108 79
	0
Get 102
	34
Put 109 35
	0
Put 108 28
	0
Put 109 16
	0
Put 100 4
	0
Put 108 23
	0
Put 100 67
	0
Put 103 63
	0
Delete 109
	0
Get 101
	No such key
Get 104
	No such key
Get 104
	No such key
Put 109 87
	0
Put 103 49
	0
Get 109
	87
Put 106 66
	0
Get 102
	34
Put 102 12
	0
Get 106
	66
Delete 102
	0
Put 102 8
	0
Delete 101
	No such key
Get 102
	8
Put 107 18
	0
Put 100 79
	0
Delete 106
	0
Put 109 31
	0
Get 107
	18
Get 100
	79
Delete 103
	0
Get 105
	0
Get 106
	No such key
Put 105 81
	0
Put 100 44
	0
Delete 102
	0
Delete 105
	0
Delete 103
	No such key
Put 107 30
	0
Put 100 75
	0
Get 109
	31
Get 102
	No such key
Put 106 55
	0
Put 109 25
	0
Get 102
	No such key
Get 104
	No such key
Get 101
	No such key
Delete 108
	0
Get 106
	55
Put 103 89
	0
Get 108
	No such key
Get 102
	No such key
Put 106 89
	0
Get 103
	89
Delete 101
	No such key
Put 106 58
	0
Put 104 25
	0
Put 107 18
	0
Get 106
	58
Put 104 0
	0
Get 100
	75
Delete 102
	No such key
Get 107
	18
Get 101
	No such key
Put 103 66
	0
Get 106
	58
Put 101 13
	0
Put 103 16
	0
Get 101
	13
Put 108 9
	0
Get 104
	0
Delete 102
	No such key
Get 108
	9
Get 109
	25
Get 103
	16
Put 106 19
	0
Delete 108
	0
Delete 108
	No such key
Put 102 45
	0
Get 108
	No such key
Get 108
	No such key
Put 101 27
	0
Put 103 79
	0
Get 104
	0
Get 102
	45
Put 104 9
	0
Put 105 99
	0
Get 101
	27
Put 109 44
	0
Put 103 80
	0
Get 109
	44
Get 105
	99
Get 100
	75
Get 102
	45
Get 108
	No such key
Get 108
	No such key
Delete 103
	0
Delete 100
	0
Get 107
	18
Delete 104
	0
Put 100 78
	0
Delete 107
	0
Put 104 3
	0
Delete 105
	0
Delete 106
	0
Get 108
	No such key
Delete 102
	0
Put 105 35
	0
Delete 106
	No such key
Delete 109
	0
Get 105
	35
Delete 102
	No such key
Put 104 21
	0
Get 104
	21
Put 103 63
	0
Get 103
	63
Get 105
	35
Get 104
	21
Put 109 45
	0
Get 101
	27
Delete 103
	0
Delete 104
	0
Put 107 2
	0
Get 101
	27
Get 109
	45
Put 101 41
	0
Get 100
	78
Put 109 5
	0
Get 103
	No such key
Delete 104
	No such key
Put 106 3
	0
Put 109 83
	0
Delete 105
	0
Put 100 2
	0
Put 109 30
	0
Delete 104
	No such key
Get 106
	3
Put 105 21
	0
Delete 103
	No such key
Put 101 97
	0
Delete 104
	No such key
Put 106 58
	0
Put 104 74
	0
Get 103
	No such key
Put 107 42
	0
Get 109
	30
Get 102
	No such key
Get 106
	58
Put 103 93
	0
Delete 103
	0
Get 108
	No such key
Get 104
	74
Put 101 23
	0
Get 107
	42
Get 101
	23
Get 101
	23
Delete 105
	0
Put 109 20
	0
Put 101 74
	0
Get 100
	2
Get 100
	2
Delete 104
	0
Get 101
	74
Put 100 37
	0
Get 109
	20
Put 100 59
	0
Delete 107
	0
Delete 108
	No such key
Get 106
	58
Delete 104
	No such key
Delete 103
	No such key
Put 106 54
	0
Put 105 17
	0
Delete 103
	No such key
Get 105
	17
Delete 103
	No such key
Put 109 38
	0
Get 106
	54
Get 100
	59
Get 105
	17
Put 105 61
	0
Get 101
	74
Put 102 76
	0
Delete 101
	0
Delete 109
	0
Put 101 66
	0
Put 101 47
	0
Get 108
	No such key
Delete 108
	No such key
Put 106 70
	0
Put 107 91
	0
Put 104 60
	0
Put 109 66
	0
Put 109 5
	0
Get 107
	91
Get 102
	76
Put 109 7
	0
Delete 106
	0
Get 107
	91
Delete 100
	0
Delete 105
	0
Put 108 57
	0
Get 106
	No such key
Put 104 23
	0
Get 101
	47
Delete 102
	0
Get 107
	91
Get 100
	No such key
Put 102 24
	0
Put 106 80
	0
Delete 109
	0
Put 105 3
	0
Delete 100
	No such key
Delete 100
	No such key
Get 100
	No such key
Get 105
	3
Get 104
	23
Get 103
	No such key
Get 106
	80
Get 108
	57
Put 106 29
	0
Delete 106
	0
Get 107
	91
Get 107
	91
Put 103 5
	0
Delete 105
	0
Get 104
	23
Put 100 36
	0
Get 107
	91
Put 104 25
	0
Put 105 77
	0
Get 108
	57
Delete 101
	0
Get 103
	5
Put 109 57
	0
Delete 100
	0
Get 103
	5
Put 109 63
	0
Get 109
	63
Put 102 28
	0
Get 106
	No such key
Put 106 21
	0
Get 101
	No such key
Get 109
	63
Get 106
	21
Delete 101
	No such key
Put 108 40
	0
Put 104 80
	0
Put 101 96
	0
Get 104
	80
Get 102
	28
Put 101 74
	0
Get 109
	63
Put 105 23
	0
Get 107
	91
Get 107
	91
Put 104 74
	0
Delete 102
	0
Get 105
	23
Delete 102
	No such key
Put 106 87
	0
Put 103 95
	0
Get 105
	23
Put 105 91
	0
Get 105
	91
Get 102
	No such key
Get 107
	91
Put 104 69
	0
Get 102
	No such key
Get 103
	95
Put 106 17
	0
Put 103 63
	0
Put 107 84
	0
Get 107
	84
Put 104 73
	0
Put 105 36
	0
Delete 100
	No such key
Put 104 74
	0
Get 103
	63
Get 101
	74
Delete 105
	0
Get 109
	63
Get 104
	74
Get 107
	84
Put 108 53
	0
Get 108
	53
Put 106 71
	0
Delete 103
	0
Delete 102
	No such key
Put 108 16
	0
Get 104
	74
Put 103 11
	0
Delete 108
	0
Get 108
	No such key
Put 108 39
	0
Get 103
	11
Put 107 21
	0
Put 106 16
	0
Delete 102
	No such key
Put 107 34
	0
Get 107
	34
Get 107
	34
Get 100
	No such key
Get 102
	No such key
Get 104
	74
Delete 104
	0
Get 104
	No such key
Put 103 33
	0
Get 104
	No such key
Get 100
	No such key
Get 102
	No such key
Put 108 23
	0
Get 101
	74
Put 104 32
	0
Get 106
	16
Get 104
	32
Put 103 65
	0
Put 108 47
	0
Get 106
	16
Get 104
	32
Delete 104
	0
Delete 104
	No such key
Delete 100
	No such key
Put 106 38
	0
Get 100
	No such key
Delete 107
	0
Delete 100
	No such key
Get 109
	63
Delete 103
	0
Put 108 21
	0
Get 103
	No such key
Get 101
	74
Put 105 83
	0
Get 100
	No such key
Get 109
	63
Get 103
	No such key
Put 105 13
	0
Put 100 0
	0
Put 107 66
	0
Get 106
	38
Get 101
	74
Get 108
	21
Put 101 30
	0
Get 104
	No such key
Put 106 1
	0
Put 100 39
	0
Put 106 30
	0
Get 108
	21
Get 103
	No such key
Delete 108
	0
Get 102
	No such key
Delete 109
	0
Get 100
	39
Get 109
	No such key
Get 103
	No such key
Put 104 39
	0
Put 106 4
	0
Get 100
	39
Put 106 74
	0
Put 106 18
	0
Put 103 7
	0
Put 104 75
	0
Get 104
	75
Delete 105
	0
Put 104 83
	0
Get 104
	83
Get 106
	18
Put 103 26
	0
Put 108 37
	0
Delete 106
	0
Get 102
	No such key
Put 103 13
	0
Put 104 18
	0
Get 102
	No such key
Put 105 43
	0
Delete 104
	0
Get 106
	No such key
Delete 101
	0
Delete 105
	0
Delete 102
	No such key
Put 108 67
	0
Get 100
	39
Get 105
	No such key
Delete 102
	No such key
Get 109
	No such key
Get 109
	No such key
Put 102 51
	0
Put 108 40
	0
Delete 101
	No such key
Delete 109
	No such key
Put 108 98
	0
Put 109 21
	0
Get 107
	66
Put 109 46
	0
Put 102 70
	0
Get 102
	70
Put 104 66
	0
Get 105
	No such key
Delete 108
	0
Delete 109
	0
Put 109 16
	0
Get 104
	66
Put 100 13
	0
Delete 106
	No such key
Delete 100
	0
Delete 109
	0
Put 101 99
	0
Get 104
	66
Put 101 40
	0
Get 107
	66
Put 102 71
	0
Delete 105
	No such key
Get 109
	No such key
Delete 104
	0
Delete 101
	0
Get 106
	No such key
Get 109
	No such key
Put 101 32
	0
